<?xml version="1.0" encoding="UTF-8"?>
<!-- Generated by org.testng.reporters.JUnitReportReporter -->
<testsuite hostname="DESKTOP-3DF9MPT" failures="0" tests="1" name="test.basecamptest" time="21.629" errors="0" timestamp="2024-03-11T13:48:48 IST" skipped="0">
  <testcase classname="test.basecamptest" name="verifyCampRegistration" time="21.629"/>
  <system-out/>
</testsuite> <!-- test.basecamptest -->
